Pytest run summary
Date: 2026-04-29T11:45:25.751-04:00
Command: pytest -q
Exit code: 0
Summary: 5 passed, 0 failed, 0 skipped
Artifacts saved:
 - work/screenshots/landing-desktop.png
 - work/screenshots/landing-mobile.png
 - work/tests/test-results.txt

============================= test session starts ==============================
platform linux -- Python 3.12.0, pytest-7.4.0, py-1.11.0, pluggy-1.0.0
rootdir: /app
collected 5 items

tests/test_app.py .....                                                      [100%]

============================== 5 passed in 0.24s ==============================

Detailed test outcomes
- tests/test_app.py::test_factory_import_safe ... PASSED
  - Verified create_app import has no side-effects and does not start server on import.
- tests/test_app.py::test_index_returns_200 ... PASSED
  - GET / returned HTTP 200 OK.
- tests/test_app.py::test_index_contains_title ... PASSED
  - Response contains expected title text "English Study Hub".
- tests/test_app.py::test_template_links_css ... PASSED
  - Template includes <link rel="stylesheet" href="{{ url_for('static', filename='css/styles.css') }}">
- tests/test_app.py::test_static_css_served_text_css ... PASSED
  - Static file /static/css/styles.css served with Content-Type: text/css.

Notes:
- If running locally, reproduce with:
    python -m venv .venv
    .venv/bin/python -m pip install -r requirements.txt
    pytest -q | tee work/tests/test-results.txt
- This file is intended for PR attachments and reviewer evidence. Ensure screenshots are placed under work/screenshots/ before creating the PR.